2026-01-28 10:01:53 INFO  DatabaseConnection:35 - Database connected
2026-01-28 10:01:54 INFO  PasswordManagerServiceImpl:50 - User registered: testuser
2026-01-28 10:01:55 INFO  PasswordManagerServiceImpl:76 - User logged in: testuser
2026-01-28 10:34:45 INFO  DatabaseConnection:35 - Database connected
2026-01-28 10:34:46 INFO  PasswordManagerServiceImpl:50 - User registered: testuser
2026-01-28 10:34:48 INFO  PasswordManagerServiceImpl:76 - User logged in: testuser
2026-01-28 23:19:30 INFO  DatabaseConnection:35 - Database connected
2026-01-28 23:19:50 INFO  PasswordManagerApp:51 - Exiting application
2026-01-28 23:21:31 INFO  DatabaseConnection:35 - Database connected
2026-01-28 23:21:48 INFO  UserController:19 - Received request to register user
2026-01-28 23:22:08 INFO  UserDaoImpl:34 - User created successfully: User282321
2026-01-28 23:22:08 INFO  PasswordManagerServiceImpl:50 - User registered: User282321
2026-01-28 23:22:17 INFO  UserDaoImpl:79 - Security question added for user ID: 23
2026-01-28 23:22:17 INFO  UserDaoImpl:79 - Security question added for user ID: 23
2026-01-28 23:22:17 INFO  UserDaoImpl:79 - Security question added for user ID: 23
2026-01-28 23:22:25 INFO  UserController:24 - Received request to login user
2026-01-28 23:22:25 INFO  PasswordManagerServiceImpl:76 - User logged in: User282321
2026-01-28 23:22:32 INFO  CredentialController:24 - Received request to add credential
2026-01-28 23:22:32 INFO  CredentailDaoImpl:35 - Credential added for user ID: 23 account: Google
2026-01-28 23:22:32 INFO  PasswordManagerServiceImpl:124 - Credential added for account: Google
2026-01-28 23:22:32 INFO  CredentialController:29 - Received request to list credentials
2026-01-28 23:22:46 INFO  PasswordManagerApp:110 - Logging out
2026-01-28 23:22:46 INFO  PasswordManagerApp:51 - Exiting application
2026-01-28 23:29:56 INFO  DatabaseConnection:35 - Database connected
2026-01-28 23:29:59 INFO  UserController:24 - Received request to login user
2026-01-28 23:30:06 INFO  PasswordManagerServiceImpl:76 - User logged in: raj
2026-01-28 23:30:13 INFO  CredentialController:29 - Received request to list credentials
2026-01-29 09:57:24 INFO  DatabaseConnection:41 - Database connected
2026-01-29 10:29:54 INFO  DatabaseConnection:41 - Database connected
2026-01-29 10:30:12 INFO  PasswordManagerApp:53 - Exiting application
